[Thu Dec 19 13:12:23.069837 2019] [ssl:warn] [pid 14976:tid 620] AH01906: localhost:443:0 server certificate is a CA certificate (BasicConstraints: CA == TRUE !?)
[Thu Dec 19 13:12:24.773451 2019] [ssl:warn] [pid 14976:tid 620] AH01906: localhost:443:0 server certificate is a CA certificate (BasicConstraints: CA == TRUE !?)
[Thu Dec 19 13:12:24.776475 2019] [mpm_winnt:notice] [pid 14976:tid 620] AH00455: Apache/2.4.25 (Win64) OpenSSL/1.0.2j mod_log_rotate/1.00 configured -- resuming normal operations
[Thu Dec 19 13:12:24.776475 2019] [mpm_winnt:notice] [pid 14976:tid 620] AH00456: Server built: Dec 16 2016 23:05:57
[Thu Dec 19 13:12:24.776475 2019] [core:notice] [pid 14976:tid 620] AH00094: Command line: '../../ap/Apache/bin/httpd.exe -d E:/Desktop/FCU/second year/software/BaseProject/src/db/TWAMP/ap/Apache -f ../../etc/httpd.conf -d ../../ap/Apache -C DocumentRoot '../../htdocs' -C Define PV 'php-7.1.0' -C Define HP 591 -C Define SP 443 -C Include '../../etc/php7.1/php.conf''
[Thu Dec 19 13:12:24.778437 2019] [mpm_winnt:notice] [pid 14976:tid 620] AH00418: Parent: Created child process 27048
[Thu Dec 19 13:12:25.422995 2019] [ssl:warn] [pid 27048:tid 600] AH01906: localhost:443:0 server certificate is a CA certificate (BasicConstraints: CA == TRUE !?)
[Thu Dec 19 13:12:25.991590 2019] [ssl:warn] [pid 27048:tid 600] AH01906: localhost:443:0 server certificate is a CA certificate (BasicConstraints: CA == TRUE !?)
[Thu Dec 19 13:12:25.996613 2019] [mpm_winnt:notice] [pid 27048:tid 600] AH00354: Child: Starting 64 worker threads.
[Thu Dec 19 13:12:41.179425 2019] [mpm_winnt:crit] [pid 27048:tid 600] AH02538: Child: Parent process exited abruptly. Child process is ending
[Thu Dec 19 13:12:43.181312 2019] [mpm_winnt:notice] [pid 27048:tid 600] AH00364: Child: All worker threads have exited.
[Thu Dec 19 13:12:56.812830 2019] [ssl:warn] [pid 3692:tid 596] AH01906: localhost:443:0 server certificate is a CA certificate (BasicConstraints: CA == TRUE !?)
[Thu Dec 19 13:12:57.263456 2019] [ssl:warn] [pid 3692:tid 596] AH01906: localhost:443:0 server certificate is a CA certificate (BasicConstraints: CA == TRUE !?)
[Thu Dec 19 13:12:57.265451 2019] [mpm_winnt:notice] [pid 3692:tid 596] AH00455: Apache/2.4.25 (Win64) OpenSSL/1.0.2j mod_log_rotate/1.00 configured -- resuming normal operations
[Thu Dec 19 13:12:57.265451 2019] [mpm_winnt:notice] [pid 3692:tid 596] AH00456: Server built: Dec 16 2016 23:05:57
[Thu Dec 19 13:12:57.265451 2019] [core:notice] [pid 3692:tid 596] AH00094: Command line: '../../ap/Apache/bin/httpd.exe -d E:/Desktop/FCU/second year/software/BaseProject/src/db/TWAMP/ap/Apache -f ../../etc/httpd.conf -d ../../ap/Apache -C DocumentRoot '../../htdocs' -C Define PV 'php-7.1.0' -C Define HP 591 -C Define SP 443 -C Include '../../etc/php7.1/php.conf''
[Thu Dec 19 13:12:57.267446 2019] [mpm_winnt:notice] [pid 3692:tid 596] AH00418: Parent: Created child process 22912
[Thu Dec 19 13:12:57.736815 2019] [ssl:warn] [pid 22912:tid 608] AH01906: localhost:443:0 server certificate is a CA certificate (BasicConstraints: CA == TRUE !?)
[Thu Dec 19 13:12:58.200377 2019] [ssl:warn] [pid 22912:tid 608] AH01906: localhost:443:0 server certificate is a CA certificate (BasicConstraints: CA == TRUE !?)
[Thu Dec 19 13:12:58.204366 2019] [mpm_winnt:notice] [pid 22912:tid 608] AH00354: Child: Starting 64 worker threads.
[Thu Dec 19 13:19:17.327678 2019] [mpm_winnt:crit] [pid 22912:tid 608] AH02538: Child: Parent process exited abruptly. Child process is ending
[Thu Dec 19 13:19:19.329328 2019] [mpm_winnt:notice] [pid 22912:tid 608] AH00364: Child: All worker threads have exited.
[Thu Dec 19 13:23:55.663816 2019] [ssl:warn] [pid 8612:tid 608] AH01906: localhost:443:0 server certificate is a CA certificate (BasicConstraints: CA == TRUE !?)
[Thu Dec 19 13:23:56.228798 2019] [ssl:warn] [pid 8612:tid 608] AH01906: localhost:443:0 server certificate is a CA certificate (BasicConstraints: CA == TRUE !?)
[Thu Dec 19 13:23:56.230792 2019] [mpm_winnt:notice] [pid 8612:tid 608] AH00455: Apache/2.4.25 (Win64) OpenSSL/1.0.2j mod_log_rotate/1.00 configured -- resuming normal operations
[Thu Dec 19 13:23:56.230792 2019] [mpm_winnt:notice] [pid 8612:tid 608] AH00456: Server built: Dec 16 2016 23:05:57
[Thu Dec 19 13:23:56.230792 2019] [core:notice] [pid 8612:tid 608] AH00094: Command line: '../../ap/Apache/bin/httpd.exe -d E:/Desktop/FCU/second year/software/BaseProject/src/db/TWAMP/ap/Apache -f ../../etc/httpd.conf -d ../../ap/Apache -C DocumentRoot '../../htdocs' -C Define PV 'php-7.1.0' -C Define HP 591 -C Define SP 443 -C Include '../../etc/php7.1/php.conf''
[Thu Dec 19 13:23:56.233784 2019] [mpm_winnt:notice] [pid 8612:tid 608] AH00418: Parent: Created child process 28608
[Thu Dec 19 13:23:56.734076 2019] [ssl:warn] [pid 28608:tid 608] AH01906: localhost:443:0 server certificate is a CA certificate (BasicConstraints: CA == TRUE !?)
[Thu Dec 19 13:23:57.225957 2019] [ssl:warn] [pid 28608:tid 608] AH01906: localhost:443:0 server certificate is a CA certificate (BasicConstraints: CA == TRUE !?)
[Thu Dec 19 13:23:57.229946 2019] [mpm_winnt:notice] [pid 28608:tid 608] AH00354: Child: Starting 64 worker threads.
[Thu Dec 19 13:24:07.338766 2019] [mpm_winnt:crit] [pid 28608:tid 608] AH02538: Child: Parent process exited abruptly. Child process is ending
[Thu Dec 19 13:24:09.340563 2019] [mpm_winnt:notice] [pid 28608:tid 608] AH00364: Child: All worker threads have exited.
[Thu Dec 19 13:24:13.770089 2019] [ssl:warn] [pid 21880:tid 596] AH01906: localhost:443:0 server certificate is a CA certificate (BasicConstraints: CA == TRUE !?)
[Thu Dec 19 13:24:14.256295 2019] [ssl:warn] [pid 21880:tid 596] AH01906: localhost:443:0 server certificate is a CA certificate (BasicConstraints: CA == TRUE !?)
[Thu Dec 19 13:24:14.259287 2019] [mpm_winnt:notice] [pid 21880:tid 596] AH00455: Apache/2.4.25 (Win64) OpenSSL/1.0.2j mod_log_rotate/1.00 configured -- resuming normal operations
[Thu Dec 19 13:24:14.259287 2019] [mpm_winnt:notice] [pid 21880:tid 596] AH00456: Server built: Dec 16 2016 23:05:57
[Thu Dec 19 13:24:14.259287 2019] [core:notice] [pid 21880:tid 596] AH00094: Command line: '../../ap/Apache/bin/httpd.exe -d E:/Desktop/FCU/second year/software/BaseProject/src/db/TWAMP/ap/Apache -f ../../etc/httpd.conf -d ../../ap/Apache -C DocumentRoot '../../htdocs' -C Define PV 'php-7.1.0' -C Define HP 80 -C Define SP 443 -C Include '../../etc/php7.1/php.conf''
[Thu Dec 19 13:24:14.261282 2019] [mpm_winnt:notice] [pid 21880:tid 596] AH00418: Parent: Created child process 3784
[Thu Dec 19 13:24:14.740665 2019] [ssl:warn] [pid 3784:tid 608] AH01906: localhost:443:0 server certificate is a CA certificate (BasicConstraints: CA == TRUE !?)
[Thu Dec 19 13:24:15.195796 2019] [ssl:warn] [pid 3784:tid 608] AH01906: localhost:443:0 server certificate is a CA certificate (BasicConstraints: CA == TRUE !?)
[Thu Dec 19 13:24:15.200731 2019] [mpm_winnt:notice] [pid 3784:tid 608] AH00354: Child: Starting 64 worker threads.
[Thu Dec 19 13:25:26.548883 2019] [mpm_winnt:crit] [pid 3784:tid 608] AH02538: Child: Parent process exited abruptly. Child process is ending
[Thu Dec 19 13:25:28.550789 2019] [mpm_winnt:notice] [pid 3784:tid 608] AH00364: Child: All worker threads have exited.
[Thu Dec 19 13:26:47.748780 2019] [ssl:warn] [pid 12752:tid 612] AH01906: localhost:443:0 server certificate is a CA certificate (BasicConstraints: CA == TRUE !?)
[Thu Dec 19 13:26:48.272129 2019] [ssl:warn] [pid 12752:tid 612] AH01906: localhost:443:0 server certificate is a CA certificate (BasicConstraints: CA == TRUE !?)
[Thu Dec 19 13:26:48.274090 2019] [mpm_winnt:notice] [pid 12752:tid 612] AH00455: Apache/2.4.25 (Win64) OpenSSL/1.0.2j mod_log_rotate/1.00 configured -- resuming normal operations
[Thu Dec 19 13:26:48.274090 2019] [mpm_winnt:notice] [pid 12752:tid 612] AH00456: Server built: Dec 16 2016 23:05:57
[Thu Dec 19 13:26:48.274090 2019] [core:notice] [pid 12752:tid 612] AH00094: Command line: '../../ap/Apache/bin/httpd.exe -d E:/Desktop/FCU/second year/software/BaseProject/src/ap/Apache -f ../../etc/httpd.conf -d ../../ap/Apache -C DocumentRoot '../../htdocs' -C Define PV 'php-7.1.0' -C Define HP 80 -C Define SP 443 -C Include '../../etc/php7.1/php.conf''
[Thu Dec 19 13:26:48.276122 2019] [mpm_winnt:notice] [pid 12752:tid 612] AH00418: Parent: Created child process 28516
[Thu Dec 19 13:26:48.856808 2019] [ssl:warn] [pid 28516:tid 624] AH01906: localhost:443:0 server certificate is a CA certificate (BasicConstraints: CA == TRUE !?)
[Thu Dec 19 13:26:49.383868 2019] [ssl:warn] [pid 28516:tid 624] AH01906: localhost:443:0 server certificate is a CA certificate (BasicConstraints: CA == TRUE !?)
[Thu Dec 19 13:26:49.389865 2019] [mpm_winnt:notice] [pid 28516:tid 624] AH00354: Child: Starting 64 worker threads.
[Thu Dec 19 14:32:25.297452 2019] [mpm_winnt:crit] [pid 28516:tid 624] AH02538: Child: Parent process exited abruptly. Child process is ending
[Thu Dec 19 14:32:27.299218 2019] [mpm_winnt:notice] [pid 28516:tid 624] AH00364: Child: All worker threads have exited.
[Thu Dec 19 15:21:28.642051 2019] [ssl:warn] [pid 21952:tid 584] AH01906: localhost:443:0 server certificate is a CA certificate (BasicConstraints: CA == TRUE !?)
[Thu Dec 19 15:21:30.685595 2019] [ssl:warn] [pid 21952:tid 584] AH01906: localhost:443:0 server certificate is a CA certificate (BasicConstraints: CA == TRUE !?)
[Thu Dec 19 15:21:30.697564 2019] [mpm_winnt:notice] [pid 21952:tid 584] AH00455: Apache/2.4.25 (Win64) OpenSSL/1.0.2j mod_log_rotate/1.00 configured -- resuming normal operations
[Thu Dec 19 15:21:30.697564 2019] [mpm_winnt:notice] [pid 21952:tid 584] AH00456: Server built: Dec 16 2016 23:05:57
[Thu Dec 19 15:21:30.697564 2019] [core:notice] [pid 21952:tid 584] AH00094: Command line: '../../ap/Apache/bin/httpd.exe -d E:/Desktop/FCU/second year/software/BaseProject/src/ap/Apache -f ../../etc/httpd.conf -d ../../ap/Apache -C DocumentRoot '../../htdocs' -C Define PV 'php-7.1.0' -C Define HP 80 -C Define SP 443 -C Include '../../etc/php7.1/php.conf''
[Thu Dec 19 15:21:30.702546 2019] [mpm_winnt:notice] [pid 21952:tid 584] AH00418: Parent: Created child process 9480
[Thu Dec 19 15:21:33.001393 2019] [ssl:warn] [pid 9480:tid 636] AH01906: localhost:443:0 server certificate is a CA certificate (BasicConstraints: CA == TRUE !?)
[Thu Dec 19 15:21:34.201182 2019] [ssl:warn] [pid 9480:tid 636] AH01906: localhost:443:0 server certificate is a CA certificate (BasicConstraints: CA == TRUE !?)
[Thu Dec 19 15:21:34.207166 2019] [mpm_winnt:notice] [pid 9480:tid 636] AH00354: Child: Starting 64 worker threads.
[Thu Dec 19 15:29:07.588321 2019] [mpm_winnt:crit] [pid 9480:tid 636] AH02538: Child: Parent process exited abruptly. Child process is ending
[Thu Dec 19 15:29:32.730094 2019] [ssl:warn] [pid 9068:tid 596] AH01906: localhost:443:0 server certificate is a CA certificate (BasicConstraints: CA == TRUE !?)
[Thu Dec 19 15:29:33.527945 2019] [ssl:warn] [pid 9068:tid 596] AH01906: localhost:443:0 server certificate is a CA certificate (BasicConstraints: CA == TRUE !?)
[Thu Dec 19 15:29:33.529939 2019] [mpm_winnt:notice] [pid 9068:tid 596] AH00455: Apache/2.4.25 (Win64) OpenSSL/1.0.2j mod_log_rotate/1.00 configured -- resuming normal operations
[Thu Dec 19 15:29:33.529939 2019] [mpm_winnt:notice] [pid 9068:tid 596] AH00456: Server built: Dec 16 2016 23:05:57
[Thu Dec 19 15:29:33.529939 2019] [core:notice] [pid 9068:tid 596] AH00094: Command line: '../../ap/Apache/bin/httpd.exe -d E:/Desktop/FCU/second year/software/BaseProject/src/ap/Apache -f ../../etc/httpd.conf -d ../../ap/Apache -C DocumentRoot '../../htdocs' -C Define PV 'php-7.1.0' -C Define HP 80 -C Define SP 443 -C Include '../../etc/php7.1/php.conf''
[Thu Dec 19 15:29:33.530937 2019] [mpm_winnt:notice] [pid 9068:tid 596] AH00418: Parent: Created child process 5396
[Thu Dec 19 15:29:34.049444 2019] [ssl:warn] [pid 5396:tid 596] AH01906: localhost:443:0 server certificate is a CA certificate (BasicConstraints: CA == TRUE !?)
[Thu Dec 19 15:29:34.371585 2019] [mpm_winnt:notice] [pid 9480:tid 636] AH00364: Child: All worker threads have exited.
[Thu Dec 19 15:29:34.614968 2019] [ssl:warn] [pid 5396:tid 596] AH01906: localhost:443:0 server certificate is a CA certificate (BasicConstraints: CA == TRUE !?)
[Thu Dec 19 15:29:34.619917 2019] [mpm_winnt:notice] [pid 5396:tid 596] AH00354: Child: Starting 64 worker threads.
[Thu Dec 19 15:33:20.793953 2019] [php7:error] [pid 5396:tid 1632] [client ::1:60928] script 'E:/Desktop/FCU/second year/software/BaseProject/src/htdocs/myphpfile.php' not found or unable to stat, referer: http://localhost/
[Thu Dec 19 19:45:00.852895 2019] [mpm_winnt:crit] [pid 5396:tid 596] AH02538: Child: Parent process exited abruptly. Child process is ending
[Thu Dec 19 19:45:02.854063 2019] [mpm_winnt:notice] [pid 5396:tid 596] AH00364: Child: All worker threads have exited.
[Sat Dec 21 13:10:22.616277 2019] [ssl:warn] [pid 15836:tid 584] AH01906: localhost:443:0 server certificate is a CA certificate (BasicConstraints: CA == TRUE !?)
[Sat Dec 21 13:10:24.120250 2019] [ssl:warn] [pid 15836:tid 584] AH01906: localhost:443:0 server certificate is a CA certificate (BasicConstraints: CA == TRUE !?)
[Sat Dec 21 13:10:24.123206 2019] [mpm_winnt:notice] [pid 15836:tid 584] AH00455: Apache/2.4.25 (Win64) OpenSSL/1.0.2j mod_log_rotate/1.00 configured -- resuming normal operations
[Sat Dec 21 13:10:24.123206 2019] [mpm_winnt:notice] [pid 15836:tid 584] AH00456: Server built: Dec 16 2016 23:05:57
[Sat Dec 21 13:10:24.123206 2019] [core:notice] [pid 15836:tid 584] AH00094: Command line: '../../ap/Apache/bin/httpd.exe -d E:/Desktop/FCU/second year/software/BaseProject/src/ap/Apache -f ../../etc/httpd.conf -d ../../ap/Apache -C DocumentRoot '../../htdocs' -C Define PV 'php-7.1.0' -C Define HP 80 -C Define SP 443 -C Include '../../etc/php7.1/php.conf''
[Sat Dec 21 13:10:24.124271 2019] [mpm_winnt:notice] [pid 15836:tid 584] AH00418: Parent: Created child process 30576
[Sat Dec 21 13:10:24.639860 2019] [ssl:warn] [pid 30576:tid 596] AH01906: localhost:443:0 server certificate is a CA certificate (BasicConstraints: CA == TRUE !?)
[Sat Dec 21 13:10:25.120574 2019] [ssl:warn] [pid 30576:tid 596] AH01906: localhost:443:0 server certificate is a CA certificate (BasicConstraints: CA == TRUE !?)
[Sat Dec 21 13:10:25.125526 2019] [mpm_winnt:notice] [pid 30576:tid 596] AH00354: Child: Starting 64 worker threads.
[Sat Dec 21 13:34:39.474660 2019] [mpm_winnt:crit] [pid 30576:tid 596] AH02538: Child: Parent process exited abruptly. Child process is ending
[Sat Dec 21 13:34:41.476350 2019] [mpm_winnt:notice] [pid 30576:tid 596] AH00364: Child: All worker threads have exited.
[Sat Dec 21 14:34:39.503471 2019] [ssl:warn] [pid 25024:tid 592] AH01906: localhost:443:0 server certificate is a CA certificate (BasicConstraints: CA == TRUE !?)
[Sat Dec 21 14:34:40.022980 2019] [ssl:warn] [pid 25024:tid 592] AH01906: localhost:443:0 server certificate is a CA certificate (BasicConstraints: CA == TRUE !?)
[Sat Dec 21 14:34:40.024975 2019] [mpm_winnt:notice] [pid 25024:tid 592] AH00455: Apache/2.4.25 (Win64) OpenSSL/1.0.2j mod_log_rotate/1.00 configured -- resuming normal operations
[Sat Dec 21 14:34:40.024975 2019] [mpm_winnt:notice] [pid 25024:tid 592] AH00456: Server built: Dec 16 2016 23:05:57
[Sat Dec 21 14:34:40.024975 2019] [core:notice] [pid 25024:tid 592] AH00094: Command line: '../../ap/Apache/bin/httpd.exe -d E:/Desktop/FCU/second year/software/BaseProject/src/ap/Apache -f ../../etc/httpd.conf -d ../../ap/Apache -C DocumentRoot '../../htdocs' -C Define PV 'php-7.1.0' -C Define HP 80 -C Define SP 443 -C Include '../../etc/php7.1/php.conf''
[Sat Dec 21 14:34:40.025972 2019] [mpm_winnt:notice] [pid 25024:tid 592] AH00418: Parent: Created child process 22792
[Sat Dec 21 14:34:40.558364 2019] [ssl:warn] [pid 22792:tid 604] AH01906: localhost:443:0 server certificate is a CA certificate (BasicConstraints: CA == TRUE !?)
[Sat Dec 21 14:34:41.057966 2019] [ssl:warn] [pid 22792:tid 604] AH01906: localhost:443:0 server certificate is a CA certificate (BasicConstraints: CA == TRUE !?)
[Sat Dec 21 14:34:41.062948 2019] [mpm_winnt:notice] [pid 22792:tid 604] AH00354: Child: Starting 64 worker threads.
[Sat Dec 21 18:53:36.958083 2019] [mpm_winnt:crit] [pid 22792:tid 604] AH02538: Child: Parent process exited abruptly. Child process is ending
[Sat Dec 21 18:53:38.960340 2019] [mpm_winnt:notice] [pid 22792:tid 604] AH00364: Child: All worker threads have exited.
[Sat Dec 21 18:56:18.891192 2019] [ssl:warn] [pid 29352:tid 604] AH01906: localhost:443:0 server certificate is a CA certificate (BasicConstraints: CA == TRUE !?)
[Sat Dec 21 18:56:19.417367 2019] [ssl:warn] [pid 29352:tid 604] AH01906: localhost:443:0 server certificate is a CA certificate (BasicConstraints: CA == TRUE !?)
[Sat Dec 21 18:56:19.419361 2019] [mpm_winnt:notice] [pid 29352:tid 604] AH00455: Apache/2.4.25 (Win64) OpenSSL/1.0.2j mod_log_rotate/1.00 configured -- resuming normal operations
[Sat Dec 21 18:56:19.419361 2019] [mpm_winnt:notice] [pid 29352:tid 604] AH00456: Server built: Dec 16 2016 23:05:57
[Sat Dec 21 18:56:19.419361 2019] [core:notice] [pid 29352:tid 604] AH00094: Command line: '../../ap/Apache/bin/httpd.exe -d E:/Desktop/FCU/second year/software/BaseProject/src/ap/Apache -f ../../etc/httpd.conf -d ../../ap/Apache -C DocumentRoot '../../htdocs' -C Define PV 'php-7.1.0' -C Define HP 80 -C Define SP 443 -C Include '../../etc/php7.1/php.conf''
[Sat Dec 21 18:56:19.420359 2019] [mpm_winnt:notice] [pid 29352:tid 604] AH00418: Parent: Created child process 10392
[Sat Dec 21 18:56:19.931837 2019] [ssl:warn] [pid 10392:tid 596] AH01906: localhost:443:0 server certificate is a CA certificate (BasicConstraints: CA == TRUE !?)
[Sat Dec 21 18:56:20.487687 2019] [ssl:warn] [pid 10392:tid 596] AH01906: localhost:443:0 server certificate is a CA certificate (BasicConstraints: CA == TRUE !?)
[Sat Dec 21 18:56:20.492636 2019] [mpm_winnt:notice] [pid 10392:tid 596] AH00354: Child: Starting 64 worker threads.
[Sat Dec 21 18:57:19.091981 2019] [mpm_winnt:crit] [pid 10392:tid 596] AH02538: Child: Parent process exited abruptly. Child process is ending
[Sat Dec 21 18:57:21.094682 2019] [mpm_winnt:notice] [pid 10392:tid 596] AH00364: Child: All worker threads have exited.
[Sat Dec 21 18:57:45.232897 2019] [ssl:warn] [pid 4216:tid 592] AH01906: localhost:443:0 server certificate is a CA certificate (BasicConstraints: CA == TRUE !?)
[Sat Dec 21 18:57:45.716955 2019] [ssl:warn] [pid 4216:tid 592] AH01906: localhost:443:0 server certificate is a CA certificate (BasicConstraints: CA == TRUE !?)
[Sat Dec 21 18:57:45.718947 2019] [mpm_winnt:notice] [pid 4216:tid 592] AH00455: Apache/2.4.25 (Win64) OpenSSL/1.0.2j mod_log_rotate/1.00 configured -- resuming normal operations
[Sat Dec 21 18:57:45.718947 2019] [mpm_winnt:notice] [pid 4216:tid 592] AH00456: Server built: Dec 16 2016 23:05:57
[Sat Dec 21 18:57:45.718947 2019] [core:notice] [pid 4216:tid 592] AH00094: Command line: '../../ap/Apache/bin/httpd.exe -d E:/Desktop/FCU/second year/software/BaseProject/src/ap/Apache -f ../../etc/httpd.conf -d ../../ap/Apache -C DocumentRoot '../../htdocs' -C Define PV 'php-7.1.0' -C Define HP 80 -C Define SP 443 -C Include '../../etc/php7.1/php.conf''
[Sat Dec 21 18:57:45.719945 2019] [mpm_winnt:notice] [pid 4216:tid 592] AH00418: Parent: Created child process 26500
[Sat Dec 21 18:57:46.222361 2019] [ssl:warn] [pid 26500:tid 596] AH01906: localhost:443:0 server certificate is a CA certificate (BasicConstraints: CA == TRUE !?)
[Sat Dec 21 18:57:46.707342 2019] [ssl:warn] [pid 26500:tid 596] AH01906: localhost:443:0 server certificate is a CA certificate (BasicConstraints: CA == TRUE !?)
[Sat Dec 21 18:57:46.712329 2019] [mpm_winnt:notice] [pid 26500:tid 596] AH00354: Child: Starting 64 worker threads.
[Sat Dec 21 19:00:19.266514 2019] [mpm_winnt:crit] [pid 26500:tid 596] AH02538: Child: Parent process exited abruptly. Child process is ending
[Sat Dec 21 19:00:21.268622 2019] [mpm_winnt:notice] [pid 26500:tid 596] AH00364: Child: All worker threads have exited.
[Sat Dec 21 19:00:32.277813 2019] [ssl:warn] [pid 22792:tid 596] AH01906: localhost:443:0 server certificate is a CA certificate (BasicConstraints: CA == TRUE !?)
[Sat Dec 21 19:00:32.808973 2019] [ssl:warn] [pid 22792:tid 596] AH01906: localhost:443:0 server certificate is a CA certificate (BasicConstraints: CA == TRUE !?)
[Sat Dec 21 19:00:32.810967 2019] [mpm_winnt:notice] [pid 22792:tid 596] AH00455: Apache/2.4.25 (Win64) OpenSSL/1.0.2j mod_log_rotate/1.00 configured -- resuming normal operations
[Sat Dec 21 19:00:32.810967 2019] [mpm_winnt:notice] [pid 22792:tid 596] AH00456: Server built: Dec 16 2016 23:05:57
[Sat Dec 21 19:00:32.810967 2019] [core:notice] [pid 22792:tid 596] AH00094: Command line: '../../ap/Apache/bin/httpd.exe -d E:/Desktop/FCU/second year/software/BaseProject/src/ap/Apache -f ../../etc/httpd.conf -d ../../ap/Apache -C DocumentRoot '../../htdocs' -C Define PV 'php-7.1.0' -C Define HP 80 -C Define SP 443 -C Include '../../etc/php7.1/php.conf''
[Sat Dec 21 19:00:32.812962 2019] [mpm_winnt:notice] [pid 22792:tid 596] AH00418: Parent: Created child process 22776
[Sat Dec 21 19:00:33.262809 2019] [ssl:warn] [pid 22776:tid 608] AH01906: localhost:443:0 server certificate is a CA certificate (BasicConstraints: CA == TRUE !?)
[Sat Dec 21 19:00:33.740540 2019] [ssl:warn] [pid 22776:tid 608] AH01906: localhost:443:0 server certificate is a CA certificate (BasicConstraints: CA == TRUE !?)
[Sat Dec 21 19:00:33.744493 2019] [mpm_winnt:notice] [pid 22776:tid 608] AH00354: Child: Starting 64 worker threads.
[Sat Dec 21 19:00:45.331574 2019] [mpm_winnt:crit] [pid 22776:tid 608] AH02538: Child: Parent process exited abruptly. Child process is ending
[Sat Dec 21 19:00:47.333662 2019] [mpm_winnt:notice] [pid 22776:tid 608] AH00364: Child: All worker threads have exited.
[Sat Dec 21 19:00:52.290736 2019] [ssl:warn] [pid 3852:tid 596] AH01906: localhost:443:0 server certificate is a CA certificate (BasicConstraints: CA == TRUE !?)
[Sat Dec 21 19:00:58.913659 2019] [ssl:warn] [pid 26572:tid 596] AH01906: localhost:443:0 server certificate is a CA certificate (BasicConstraints: CA == TRUE !?)
[Sat Dec 21 19:00:59.347546 2019] [ssl:warn] [pid 26572:tid 596] AH01906: localhost:443:0 server certificate is a CA certificate (BasicConstraints: CA == TRUE !?)
[Sat Dec 21 19:00:59.349577 2019] [mpm_winnt:notice] [pid 26572:tid 596] AH00455: Apache/2.4.25 (Win64) OpenSSL/1.0.2j mod_log_rotate/1.00 configured -- resuming normal operations
[Sat Dec 21 19:00:59.349577 2019] [mpm_winnt:notice] [pid 26572:tid 596] AH00456: Server built: Dec 16 2016 23:05:57
[Sat Dec 21 19:00:59.349577 2019] [core:notice] [pid 26572:tid 596] AH00094: Command line: '../../ap/Apache/bin/httpd.exe -d E:/Desktop/FCU/second year/software/BaseProject/src/ap/Apache -f ../../etc/httpd.conf -d ../../ap/Apache -C DocumentRoot '../../htdocs' -C Define PV 'php-7.1.0' -C Define HP 80 -C Define SP 443 -C Include '../../etc/php7.1/php.conf''
[Sat Dec 21 19:00:59.351575 2019] [mpm_winnt:notice] [pid 26572:tid 596] AH00418: Parent: Created child process 24408
[Sat Dec 21 19:00:59.794666 2019] [ssl:warn] [pid 24408:tid 608] AH01906: localhost:443:0 server certificate is a CA certificate (BasicConstraints: CA == TRUE !?)
[Sat Dec 21 19:01:00.232587 2019] [ssl:warn] [pid 24408:tid 608] AH01906: localhost:443:0 server certificate is a CA certificate (BasicConstraints: CA == TRUE !?)
[Sat Dec 21 19:01:00.236675 2019] [mpm_winnt:notice] [pid 24408:tid 608] AH00354: Child: Starting 64 worker threads.
[Sat Dec 21 19:02:33.737503 2019] [mpm_winnt:crit] [pid 24408:tid 608] AH02538: Child: Parent process exited abruptly. Child process is ending
[Sat Dec 21 19:02:35.739538 2019] [mpm_winnt:notice] [pid 24408:tid 608] AH00364: Child: All worker threads have exited.
[Sat Dec 21 19:03:11.043889 2019] [ssl:warn] [pid 23792:tid 584] AH01906: localhost:443:0 server certificate is a CA certificate (BasicConstraints: CA == TRUE !?)
[Sat Dec 21 19:03:11.548948 2019] [ssl:warn] [pid 23792:tid 584] AH01906: localhost:443:0 server certificate is a CA certificate (BasicConstraints: CA == TRUE !?)
[Sat Dec 21 19:03:11.550942 2019] [mpm_winnt:notice] [pid 23792:tid 584] AH00455: Apache/2.4.25 (Win64) OpenSSL/1.0.2j mod_log_rotate/1.00 configured -- resuming normal operations
[Sat Dec 21 19:03:11.550942 2019] [mpm_winnt:notice] [pid 23792:tid 584] AH00456: Server built: Dec 16 2016 23:05:57
[Sat Dec 21 19:03:11.550942 2019] [core:notice] [pid 23792:tid 584] AH00094: Command line: '../../ap/Apache/bin/httpd.exe -d E:/Desktop/FCU/second year/software/BaseProject/src/ap/Apache -f ../../etc/httpd.conf -d ../../ap/Apache -C DocumentRoot '../../htdocs' -C Define PV 'php-7.1.0' -C Define HP 80 -C Define SP 443 -C Include '../../etc/php7.1/php.conf''
[Sat Dec 21 19:03:11.551940 2019] [mpm_winnt:notice] [pid 23792:tid 584] AH00418: Parent: Created child process 21596
[Sat Dec 21 19:03:12.119941 2019] [ssl:warn] [pid 21596:tid 604] AH01906: localhost:443:0 server certificate is a CA certificate (BasicConstraints: CA == TRUE !?)
[Sat Dec 21 19:03:12.644567 2019] [ssl:warn] [pid 21596:tid 604] AH01906: localhost:443:0 server certificate is a CA certificate (BasicConstraints: CA == TRUE !?)
[Sat Dec 21 19:03:12.649461 2019] [mpm_winnt:notice] [pid 21596:tid 604] AH00354: Child: Starting 64 worker threads.
[Sat Dec 21 19:04:41.048349 2019] [mpm_winnt:crit] [pid 21596:tid 604] AH02538: Child: Parent process exited abruptly. Child process is ending
[Sat Dec 21 19:04:43.050235 2019] [mpm_winnt:notice] [pid 21596:tid 604] AH00364: Child: All worker threads have exited.
[Sat Dec 21 19:06:10.090471 2019] [ssl:warn] [pid 28428:tid 584] AH01906: localhost:443:0 server certificate is a CA certificate (BasicConstraints: CA == TRUE !?)
[Sat Dec 21 19:06:10.586282 2019] [ssl:warn] [pid 28428:tid 584] AH01906: localhost:443:0 server certificate is a CA certificate (BasicConstraints: CA == TRUE !?)
[Sat Dec 21 19:06:10.588315 2019] [mpm_winnt:notice] [pid 28428:tid 584] AH00455: Apache/2.4.25 (Win64) OpenSSL/1.0.2j mod_log_rotate/1.00 configured -- resuming normal operations
[Sat Dec 21 19:06:10.588315 2019] [mpm_winnt:notice] [pid 28428:tid 584] AH00456: Server built: Dec 16 2016 23:05:57
[Sat Dec 21 19:06:10.588315 2019] [core:notice] [pid 28428:tid 584] AH00094: Command line: '../../ap/Apache/bin/httpd.exe -d E:/Desktop/FCU/second year/software/BaseProject/src/ap/Apache -f ../../etc/httpd.conf -d ../../ap/Apache -C DocumentRoot '../../htdocs' -C Define PV 'php-7.1.0' -C Define HP 80 -C Define SP 443 -C Include '../../etc/php7.1/php.conf''
[Sat Dec 21 19:06:10.589310 2019] [mpm_winnt:notice] [pid 28428:tid 584] AH00418: Parent: Created child process 21364
[Sat Dec 21 19:06:11.048497 2019] [ssl:warn] [pid 21364:tid 596] AH01906: localhost:443:0 server certificate is a CA certificate (BasicConstraints: CA == TRUE !?)
[Sat Dec 21 19:06:11.529392 2019] [ssl:warn] [pid 21364:tid 596] AH01906: localhost:443:0 server certificate is a CA certificate (BasicConstraints: CA == TRUE !?)
[Sat Dec 21 19:06:11.534340 2019] [mpm_winnt:notice] [pid 21364:tid 596] AH00354: Child: Starting 64 worker threads.
[Sat Dec 21 19:07:49.917242 2019] [mpm_winnt:crit] [pid 21364:tid 596] AH02538: Child: Parent process exited abruptly. Child process is ending
[Sat Dec 21 19:07:51.919674 2019] [mpm_winnt:notice] [pid 21364:tid 596] AH00364: Child: All worker threads have exited.
[Sat Dec 21 19:10:45.300002 2019] [ssl:warn] [pid 26804:tid 584] AH01906: localhost:443:0 server certificate is a CA certificate (BasicConstraints: CA == TRUE !?)
[Sat Dec 21 19:10:45.815067 2019] [ssl:warn] [pid 26804:tid 584] AH01906: localhost:443:0 server certificate is a CA certificate (BasicConstraints: CA == TRUE !?)
[Sat Dec 21 19:10:45.816570 2019] [mpm_winnt:notice] [pid 26804:tid 584] AH00455: Apache/2.4.25 (Win64) OpenSSL/1.0.2j mod_log_rotate/1.00 configured -- resuming normal operations
[Sat Dec 21 19:10:45.816570 2019] [mpm_winnt:notice] [pid 26804:tid 584] AH00456: Server built: Dec 16 2016 23:05:57
[Sat Dec 21 19:10:45.816570 2019] [core:notice] [pid 26804:tid 584] AH00094: Command line: '../../ap/Apache/bin/httpd.exe -d E:/Desktop/FCU/second year/software/BaseProject/src/ap/Apache -f ../../etc/httpd.conf -d ../../ap/Apache -C DocumentRoot '../../htdocs' -C Define PV 'php-7.1.0' -C Define HP 80 -C Define SP 443 -C Include '../../etc/php7.1/php.conf''
[Sat Dec 21 19:10:45.817567 2019] [mpm_winnt:notice] [pid 26804:tid 584] AH00418: Parent: Created child process 24280
[Sat Dec 21 19:10:46.349606 2019] [ssl:warn] [pid 24280:tid 596] AH01906: localhost:443:0 server certificate is a CA certificate (BasicConstraints: CA == TRUE !?)
[Sat Dec 21 19:10:46.858495 2019] [ssl:warn] [pid 24280:tid 596] AH01906: localhost:443:0 server certificate is a CA certificate (BasicConstraints: CA == TRUE !?)
[Sat Dec 21 19:10:46.863481 2019] [mpm_winnt:notice] [pid 24280:tid 596] AH00354: Child: Starting 64 worker threads.
[Sat Dec 21 19:13:01.623011 2019] [mpm_winnt:crit] [pid 24280:tid 596] AH02538: Child: Parent process exited abruptly. Child process is ending
[Sat Dec 21 19:13:03.624740 2019] [mpm_winnt:notice] [pid 24280:tid 596] AH00364: Child: All worker threads have exited.
[Sun Dec 22 00:22:27.118321 2019] [ssl:warn] [pid 29956:tid 584] AH01906: localhost:443:0 server certificate is a CA certificate (BasicConstraints: CA == TRUE !?)
[Sun Dec 22 00:22:27.710531 2019] [ssl:warn] [pid 29956:tid 584] AH01906: localhost:443:0 server certificate is a CA certificate (BasicConstraints: CA == TRUE !?)
[Sun Dec 22 00:22:27.712525 2019] [mpm_winnt:notice] [pid 29956:tid 584] AH00455: Apache/2.4.25 (Win64) OpenSSL/1.0.2j mod_log_rotate/1.00 configured -- resuming normal operations
[Sun Dec 22 00:22:27.712525 2019] [mpm_winnt:notice] [pid 29956:tid 584] AH00456: Server built: Dec 16 2016 23:05:57
[Sun Dec 22 00:22:27.712525 2019] [core:notice] [pid 29956:tid 584] AH00094: Command line: '../../ap/Apache/bin/httpd.exe -d E:/Desktop/FCU/second year/software/BaseProject/src/ap/Apache -f ../../etc/httpd.conf -d ../../ap/Apache -C DocumentRoot '../../htdocs' -C Define PV 'php-7.1.0' -C Define HP 80 -C Define SP 443 -C Include '../../etc/php7.1/php.conf''
[Sun Dec 22 00:22:27.713523 2019] [mpm_winnt:notice] [pid 29956:tid 584] AH00418: Parent: Created child process 14216
[Sun Dec 22 00:22:28.277804 2019] [ssl:warn] [pid 14216:tid 600] AH01906: localhost:443:0 server certificate is a CA certificate (BasicConstraints: CA == TRUE !?)
[Sun Dec 22 00:22:28.820745 2019] [ssl:warn] [pid 14216:tid 600] AH01906: localhost:443:0 server certificate is a CA certificate (BasicConstraints: CA == TRUE !?)
[Sun Dec 22 00:22:28.826766 2019] [mpm_winnt:notice] [pid 14216:tid 600] AH00354: Child: Starting 64 worker threads.
[Sun Dec 22 00:32:58.733992 2019] [mpm_winnt:crit] [pid 14216:tid 600] AH02538: Child: Parent process exited abruptly. Child process is ending
[Sun Dec 22 00:33:00.735705 2019] [mpm_winnt:notice] [pid 14216:tid 600] AH00364: Child: All worker threads have exited.
[Sun Dec 22 00:33:40.812176 2019] [ssl:warn] [pid 8792:tid 596] AH01906: localhost:443:0 server certificate is a CA certificate (BasicConstraints: CA == TRUE !?)
[Sun Dec 22 00:33:41.410142 2019] [ssl:warn] [pid 8792:tid 596] AH01906: localhost:443:0 server certificate is a CA certificate (BasicConstraints: CA == TRUE !?)
[Sun Dec 22 00:33:41.412137 2019] [mpm_winnt:notice] [pid 8792:tid 596] AH00455: Apache/2.4.25 (Win64) OpenSSL/1.0.2j mod_log_rotate/1.00 configured -- resuming normal operations
[Sun Dec 22 00:33:41.412137 2019] [mpm_winnt:notice] [pid 8792:tid 596] AH00456: Server built: Dec 16 2016 23:05:57
[Sun Dec 22 00:33:41.412137 2019] [core:notice] [pid 8792:tid 596] AH00094: Command line: '../../ap/Apache/bin/httpd.exe -d E:/Desktop/FCU/second year/software/BaseProject/src/ap/Apache -f ../../etc/httpd.conf -d ../../ap/Apache -C DocumentRoot '../../htdocs' -C Define PV 'php-7.1.0' -C Define HP 80 -C Define SP 443 -C Include '../../etc/php7.1/php.conf''
[Sun Dec 22 00:33:41.414135 2019] [mpm_winnt:notice] [pid 8792:tid 596] AH00418: Parent: Created child process 1956
[Sun Dec 22 00:33:41.952692 2019] [ssl:warn] [pid 1956:tid 596] AH01906: localhost:443:0 server certificate is a CA certificate (BasicConstraints: CA == TRUE !?)
[Sun Dec 22 00:33:42.524163 2019] [ssl:warn] [pid 1956:tid 596] AH01906: localhost:443:0 server certificate is a CA certificate (BasicConstraints: CA == TRUE !?)
[Sun Dec 22 00:33:42.530158 2019] [mpm_winnt:notice] [pid 1956:tid 596] AH00354: Child: Starting 64 worker threads.
[Sun Dec 22 00:47:08.819418 2019] [mpm_winnt:crit] [pid 1956:tid 596] AH02538: Child: Parent process exited abruptly. Child process is ending
[Sun Dec 22 00:47:10.822006 2019] [mpm_winnt:notice] [pid 1956:tid 596] AH00364: Child: All worker threads have exited.
[Sun Dec 22 00:47:27.321806 2019] [ssl:warn] [pid 30456:tid 600] AH01906: localhost:443:0 server certificate is a CA certificate (BasicConstraints: CA == TRUE !?)
[Sun Dec 22 00:47:27.825473 2019] [ssl:warn] [pid 30456:tid 600] AH01906: localhost:443:0 server certificate is a CA certificate (BasicConstraints: CA == TRUE !?)
[Sun Dec 22 00:47:27.827508 2019] [mpm_winnt:notice] [pid 30456:tid 600] AH00455: Apache/2.4.25 (Win64) OpenSSL/1.0.2j mod_log_rotate/1.00 configured -- resuming normal operations
[Sun Dec 22 00:47:27.827508 2019] [mpm_winnt:notice] [pid 30456:tid 600] AH00456: Server built: Dec 16 2016 23:05:57
[Sun Dec 22 00:47:27.827508 2019] [core:notice] [pid 30456:tid 600] AH00094: Command line: '../../ap/Apache/bin/httpd.exe -d E:/Desktop/FCU/second year/software/BaseProject/src/ap/Apache -f ../../etc/httpd.conf -d ../../ap/Apache -C DocumentRoot '../../htdocs' -C Define PV 'php-7.1.0' -C Define HP 80 -C Define SP 443 -C Include '../../etc/php7.1/php.conf''
[Sun Dec 22 00:47:27.828506 2019] [mpm_winnt:notice] [pid 30456:tid 600] AH00418: Parent: Created child process 31796
[Sun Dec 22 00:47:28.341948 2019] [ssl:warn] [pid 31796:tid 596] AH01906: localhost:443:0 server certificate is a CA certificate (BasicConstraints: CA == TRUE !?)
[Sun Dec 22 00:47:28.865366 2019] [ssl:warn] [pid 31796:tid 596] AH01906: localhost:443:0 server certificate is a CA certificate (BasicConstraints: CA == TRUE !?)
[Sun Dec 22 00:47:28.870317 2019] [mpm_winnt:notice] [pid 31796:tid 596] AH00354: Child: Starting 64 worker threads.
[Sun Dec 22 00:55:58.611575 2019] [php7:error] [pid 31796:tid 1636] [client ::1:61826] script 'E:/Desktop/FCU/second year/software/BaseProject/src/htdocs/function/MM/MoneyManage2.php' not found or unable to stat, referer: http://localhost/
[Sun Dec 22 00:56:07.828509 2019] [php7:error] [pid 31796:tid 1640] [client ::1:61831] script 'E:/Desktop/FCU/second year/software/BaseProject/src/htdocs/function/MM/MoneyManage2.php' not found or unable to stat, referer: http://localhost/
[Sun Dec 22 00:56:32.264631 2019] [php7:error] [pid 31796:tid 1636] [client ::1:61835] script 'E:/Desktop/FCU/second year/software/BaseProject/src/htdocs/function/MM/MoneyManage2.php' not found or unable to stat, referer: http://localhost/
[Sun Dec 22 00:56:34.348451 2019] [php7:error] [pid 31796:tid 1636] [client ::1:61835] script 'E:/Desktop/FCU/second year/software/BaseProject/src/htdocs/function/MM/MoneyManage2.php' not found or unable to stat, referer: http://localhost/
[Sun Dec 22 00:56:35.191150 2019] [php7:error] [pid 31796:tid 1636] [client ::1:61835] script 'E:/Desktop/FCU/second year/software/BaseProject/src/htdocs/function/MM/MoneyManage2.php' not found or unable to stat, referer: http://localhost/
[Sun Dec 22 05:56:02.573548 2019] [mpm_winnt:crit] [pid 31796:tid 596] AH02538: Child: Parent process exited abruptly. Child process is ending
[Sun Dec 22 05:56:04.576236 2019] [mpm_winnt:notice] [pid 31796:tid 596] AH00364: Child: All worker threads have exited.
[Sun Dec 22 06:21:47.118294 2019] [ssl:warn] [pid 31480:tid 600] AH01906: localhost:443:0 server certificate is a CA certificate (BasicConstraints: CA == TRUE !?)
[Sun Dec 22 06:21:47.994616 2019] [ssl:warn] [pid 31480:tid 600] AH01906: localhost:443:0 server certificate is a CA certificate (BasicConstraints: CA == TRUE !?)
[Sun Dec 22 06:21:47.997608 2019] [mpm_winnt:notice] [pid 31480:tid 600] AH00455: Apache/2.4.25 (Win64) OpenSSL/1.0.2j mod_log_rotate/1.00 configured -- resuming normal operations
[Sun Dec 22 06:21:47.997608 2019] [mpm_winnt:notice] [pid 31480:tid 600] AH00456: Server built: Dec 16 2016 23:05:57
[Sun Dec 22 06:21:47.997608 2019] [core:notice] [pid 31480:tid 600] AH00094: Command line: '../../ap/Apache/bin/httpd.exe -d E:/Desktop/FCU/second year/software/BaseProject/src/ap/Apache -f ../../etc/httpd.conf -d ../../ap/Apache -C DocumentRoot '../../htdocs' -C Define PV 'php-7.1.0' -C Define HP 80 -C Define SP 443 -C Include '../../etc/php7.1/php.conf''
[Sun Dec 22 06:21:48.000602 2019] [mpm_winnt:notice] [pid 31480:tid 600] AH00418: Parent: Created child process 15476
[Sun Dec 22 06:21:48.851138 2019] [ssl:warn] [pid 15476:tid 628] AH01906: localhost:443:0 server certificate is a CA certificate (BasicConstraints: CA == TRUE !?)
[Sun Dec 22 06:21:49.740738 2019] [ssl:warn] [pid 15476:tid 628] AH01906: localhost:443:0 server certificate is a CA certificate (BasicConstraints: CA == TRUE !?)
[Sun Dec 22 06:21:49.750711 2019] [mpm_winnt:notice] [pid 15476:tid 628] AH00354: Child: Starting 64 worker threads.
[Sun Dec 22 08:57:10.859759 2019] [mpm_winnt:crit] [pid 15476:tid 628] AH02538: Child: Parent process exited abruptly. Child process is ending
[Sun Dec 22 08:57:12.977523 2019] [mpm_winnt:notice] [pid 15476:tid 628] AH00364: Child: All worker threads have exited.
[Sun Dec 22 13:08:11.040760 2019] [ssl:warn] [pid 28992:tid 584] AH01906: localhost:443:0 server certificate is a CA certificate (BasicConstraints: CA == TRUE !?)
[Sun Dec 22 13:08:11.559341 2019] [ssl:warn] [pid 28992:tid 584] AH01906: localhost:443:0 server certificate is a CA certificate (BasicConstraints: CA == TRUE !?)
[Sun Dec 22 13:08:11.561334 2019] [mpm_winnt:notice] [pid 28992:tid 584] AH00455: Apache/2.4.25 (Win64) OpenSSL/1.0.2j mod_log_rotate/1.00 configured -- resuming normal operations
[Sun Dec 22 13:08:11.561334 2019] [mpm_winnt:notice] [pid 28992:tid 584] AH00456: Server built: Dec 16 2016 23:05:57
[Sun Dec 22 13:08:11.561334 2019] [core:notice] [pid 28992:tid 584] AH00094: Command line: '../../ap/Apache/bin/httpd.exe -d E:/Desktop/FCU/second year/software/BaseProject/src/ap/Apache -f ../../etc/httpd.conf -d ../../ap/Apache -C DocumentRoot '../../htdocs' -C Define PV 'php-7.1.0' -C Define HP 80 -C Define SP 443 -C Include '../../etc/php7.1/php.conf''
[Sun Dec 22 13:08:11.563330 2019] [mpm_winnt:notice] [pid 28992:tid 584] AH00418: Parent: Created child process 28488
[Sun Dec 22 13:08:12.072007 2019] [ssl:warn] [pid 28488:tid 596] AH01906: localhost:443:0 server certificate is a CA certificate (BasicConstraints: CA == TRUE !?)
[Sun Dec 22 13:08:12.585631 2019] [ssl:warn] [pid 28488:tid 596] AH01906: localhost:443:0 server certificate is a CA certificate (BasicConstraints: CA == TRUE !?)
[Sun Dec 22 13:08:12.594569 2019] [mpm_winnt:notice] [pid 28488:tid 596] AH00354: Child: Starting 64 worker threads.
[Sun Dec 22 14:53:02.536868 2019] [mpm_winnt:crit] [pid 28488:tid 596] AH02538: Child: Parent process exited abruptly. Child process is ending
[Sun Dec 22 14:53:04.538234 2019] [mpm_winnt:notice] [pid 28488:tid 596] AH00364: Child: All worker threads have exited.
[Sun Dec 22 16:25:35.988464 2019] [ssl:warn] [pid 10792:tid 584] AH01906: localhost:443:0 server certificate is a CA certificate (BasicConstraints: CA == TRUE !?)
[Sun Dec 22 16:25:36.480185 2019] [ssl:warn] [pid 10792:tid 584] AH01906: localhost:443:0 server certificate is a CA certificate (BasicConstraints: CA == TRUE !?)
[Sun Dec 22 16:25:36.482179 2019] [mpm_winnt:notice] [pid 10792:tid 584] AH00455: Apache/2.4.25 (Win64) OpenSSL/1.0.2j mod_log_rotate/1.00 configured -- resuming normal operations
[Sun Dec 22 16:25:36.482179 2019] [mpm_winnt:notice] [pid 10792:tid 584] AH00456: Server built: Dec 16 2016 23:05:57
[Sun Dec 22 16:25:36.482179 2019] [core:notice] [pid 10792:tid 584] AH00094: Command line: '../../ap/Apache/bin/httpd.exe -d E:/Desktop/FCU/second year/software/BaseProject/src/ap/Apache -f ../../etc/httpd.conf -d ../../ap/Apache -C DocumentRoot '../../htdocs' -C Define PV 'php-7.1.0' -C Define HP 80 -C Define SP 443 -C Include '../../etc/php7.1/php.conf''
[Sun Dec 22 16:25:36.483180 2019] [mpm_winnt:notice] [pid 10792:tid 584] AH00418: Parent: Created child process 16312
[Sun Dec 22 16:25:36.986832 2019] [ssl:warn] [pid 16312:tid 596] AH01906: localhost:443:0 server certificate is a CA certificate (BasicConstraints: CA == TRUE !?)
[Sun Dec 22 16:25:37.467550 2019] [ssl:warn] [pid 16312:tid 596] AH01906: localhost:443:0 server certificate is a CA certificate (BasicConstraints: CA == TRUE !?)
[Sun Dec 22 16:25:37.472496 2019] [mpm_winnt:notice] [pid 16312:tid 596] AH00354: Child: Starting 64 worker threads.
[Sun Dec 22 16:33:13.573595 2019] [mpm_winnt:crit] [pid 16312:tid 596] AH02538: Child: Parent process exited abruptly. Child process is ending
[Sun Dec 22 16:33:15.575276 2019] [mpm_winnt:notice] [pid 16312:tid 596] AH00364: Child: All worker threads have exited.
[Mon Dec 23 13:16:47.041244 2019] [ssl:warn] [pid 2768:tid 600] AH01906: localhost:443:0 server certificate is a CA certificate (BasicConstraints: CA == TRUE !?)
[Mon Dec 23 13:16:47.542902 2019] [ssl:warn] [pid 2768:tid 600] AH01906: localhost:443:0 server certificate is a CA certificate (BasicConstraints: CA == TRUE !?)
[Mon Dec 23 13:16:47.544897 2019] [mpm_winnt:notice] [pid 2768:tid 600] AH00455: Apache/2.4.25 (Win64) OpenSSL/1.0.2j mod_log_rotate/1.00 configured -- resuming normal operations
[Mon Dec 23 13:16:47.544897 2019] [mpm_winnt:notice] [pid 2768:tid 600] AH00456: Server built: Dec 16 2016 23:05:57
[Mon Dec 23 13:16:47.544897 2019] [core:notice] [pid 2768:tid 600] AH00094: Command line: '../../ap/Apache/bin/httpd.exe -d E:/Desktop/FCU/second year/software/BaseProject/src/ap/Apache -f ../../etc/httpd.conf -d ../../ap/Apache -C DocumentRoot '../../htdocs' -C Define PV 'php-7.1.0' -C Define HP 80 -C Define SP 443 -C Include '../../etc/php7.1/php.conf''
[Mon Dec 23 13:16:47.545895 2019] [mpm_winnt:notice] [pid 2768:tid 600] AH00418: Parent: Created child process 28836
[Mon Dec 23 13:16:48.049565 2019] [ssl:warn] [pid 28836:tid 596] AH01906: localhost:443:0 server certificate is a CA certificate (BasicConstraints: CA == TRUE !?)
[Mon Dec 23 13:16:48.540235 2019] [ssl:warn] [pid 28836:tid 596] AH01906: localhost:443:0 server certificate is a CA certificate (BasicConstraints: CA == TRUE !?)
[Mon Dec 23 13:16:48.545222 2019] [mpm_winnt:notice] [pid 28836:tid 596] AH00354: Child: Starting 64 worker threads.
[Mon Dec 23 14:25:33.944273 2019] [mpm_winnt:crit] [pid 28836:tid 596] AH02538: Child: Parent process exited abruptly. Child process is ending
[Mon Dec 23 14:25:35.945630 2019] [mpm_winnt:notice] [pid 28836:tid 596] AH00364: Child: All worker threads have exited.
[Mon Dec 23 18:18:50.293541 2019] [ssl:warn] [pid 8936:tid 584] AH01906: localhost:443:0 server certificate is a CA certificate (BasicConstraints: CA == TRUE !?)
[Mon Dec 23 18:18:52.922761 2019] [ssl:warn] [pid 8936:tid 584] AH01906: localhost:443:0 server certificate is a CA certificate (BasicConstraints: CA == TRUE !?)
[Mon Dec 23 18:18:52.932734 2019] [mpm_winnt:notice] [pid 8936:tid 584] AH00455: Apache/2.4.25 (Win64) OpenSSL/1.0.2j mod_log_rotate/1.00 configured -- resuming normal operations
[Mon Dec 23 18:18:52.952685 2019] [mpm_winnt:notice] [pid 8936:tid 584] AH00456: Server built: Dec 16 2016 23:05:57
[Mon Dec 23 18:18:52.952685 2019] [core:notice] [pid 8936:tid 584] AH00094: Command line: '../../ap/Apache/bin/httpd.exe -d E:/Desktop/FCU/second year/software/BaseProject/src/ap/Apache -f ../../etc/httpd.conf -d ../../ap/Apache -C DocumentRoot '../../htdocs' -C Define PV 'php-7.1.0' -C Define HP 80 -C Define SP 443 -C Include '../../etc/php7.1/php.conf''
[Mon Dec 23 18:18:52.956679 2019] [mpm_winnt:notice] [pid 8936:tid 584] AH00418: Parent: Created child process 30060
[Mon Dec 23 18:18:55.511841 2019] [ssl:warn] [pid 30060:tid 600] AH01906: localhost:443:0 server certificate is a CA certificate (BasicConstraints: CA == TRUE !?)
[Mon Dec 23 18:18:57.156765 2019] [ssl:warn] [pid 30060:tid 600] AH01906: localhost:443:0 server certificate is a CA certificate (BasicConstraints: CA == TRUE !?)
[Mon Dec 23 18:18:57.184690 2019] [mpm_winnt:notice] [pid 30060:tid 600] AH00354: Child: Starting 64 worker threads.
[Mon Dec 23 18:26:46.647367 2019] [mpm_winnt:crit] [pid 30060:tid 600] AH02538: Child: Parent process exited abruptly. Child process is ending
[Mon Dec 23 18:26:48.649020 2019] [mpm_winnt:notice] [pid 30060:tid 600] AH00364: Child: All worker threads have exited.
[Tue Dec 24 01:14:50.182840 2019] [ssl:warn] [pid 3964:tid 584] AH01906: localhost:443:0 server certificate is a CA certificate (BasicConstraints: CA == TRUE !?)
[Tue Dec 24 01:14:50.667102 2019] [ssl:warn] [pid 3964:tid 584] AH01906: localhost:443:0 server certificate is a CA certificate (BasicConstraints: CA == TRUE !?)
[Tue Dec 24 01:14:50.667102 2019] [mpm_winnt:notice] [pid 3964:tid 584] AH00455: Apache/2.4.25 (Win64) OpenSSL/1.0.2j mod_log_rotate/1.00 configured -- resuming normal operations
[Tue Dec 24 01:14:50.667102 2019] [mpm_winnt:notice] [pid 3964:tid 584] AH00456: Server built: Dec 16 2016 23:05:57
[Tue Dec 24 01:14:50.667102 2019] [core:notice] [pid 3964:tid 584] AH00094: Command line: '../../ap/Apache/bin/httpd.exe -d E:/Desktop/FCU/second year/software/BaseProject/src/ap/Apache -f ../../etc/httpd.conf -d ../../ap/Apache -C DocumentRoot '../../htdocs' -C Define PV 'php-7.1.0' -C Define HP 80 -C Define SP 443 -C Include '../../etc/php7.1/php.conf''
[Tue Dec 24 01:14:50.667102 2019] [mpm_winnt:notice] [pid 3964:tid 584] AH00418: Parent: Created child process 8752
[Tue Dec 24 01:14:51.150373 2019] [ssl:warn] [pid 8752:tid 596] AH01906: localhost:443:0 server certificate is a CA certificate (BasicConstraints: CA == TRUE !?)
[Tue Dec 24 01:14:51.603391 2019] [ssl:warn] [pid 8752:tid 596] AH01906: localhost:443:0 server certificate is a CA certificate (BasicConstraints: CA == TRUE !?)
[Tue Dec 24 01:14:51.619014 2019] [mpm_winnt:notice] [pid 8752:tid 596] AH00354: Child: Starting 64 worker threads.
[Tue Dec 24 01:16:01.214307 2019] [mpm_winnt:crit] [pid 8752:tid 596] AH02538: Child: Parent process exited abruptly. Child process is ending
[Tue Dec 24 01:16:03.232837 2019] [mpm_winnt:notice] [pid 8752:tid 596] AH00364: Child: All worker threads have exited.
[Tue Dec 24 06:25:42.744454 2019] [ssl:warn] [pid 35004:tid 588] AH01906: localhost:443:0 server certificate is a CA certificate (BasicConstraints: CA == TRUE !?)
[Tue Dec 24 06:25:44.065897 2019] [ssl:warn] [pid 35004:tid 588] AH01906: localhost:443:0 server certificate is a CA certificate (BasicConstraints: CA == TRUE !?)
[Tue Dec 24 06:25:44.067892 2019] [mpm_winnt:notice] [pid 35004:tid 588] AH00455: Apache/2.4.25 (Win64) OpenSSL/1.0.2j mod_log_rotate/1.00 configured -- resuming normal operations
[Tue Dec 24 06:25:44.068889 2019] [mpm_winnt:notice] [pid 35004:tid 588] AH00456: Server built: Dec 16 2016 23:05:57
[Tue Dec 24 06:25:44.068889 2019] [core:notice] [pid 35004:tid 588] AH00094: Command line: '../../ap/Apache/bin/httpd.exe -d E:/Desktop/FCU/second year/software/BaseProject/src/ap/Apache -f ../../etc/httpd.conf -d ../../ap/Apache -C DocumentRoot '../../htdocs' -C Define PV 'php-7.1.0' -C Define HP 80 -C Define SP 443 -C Include '../../etc/php7.1/php.conf''
[Tue Dec 24 06:25:44.069887 2019] [mpm_winnt:notice] [pid 35004:tid 588] AH00418: Parent: Created child process 28100
[Tue Dec 24 06:25:44.565696 2019] [ssl:warn] [pid 28100:tid 596] AH01906: localhost:443:0 server certificate is a CA certificate (BasicConstraints: CA == TRUE !?)
[Tue Dec 24 06:25:45.046795 2019] [ssl:warn] [pid 28100:tid 596] AH01906: localhost:443:0 server certificate is a CA certificate (BasicConstraints: CA == TRUE !?)
[Tue Dec 24 06:25:45.054731 2019] [mpm_winnt:notice] [pid 28100:tid 596] AH00354: Child: Starting 64 worker threads.
[Tue Dec 24 06:40:19.415798 2019] [mpm_winnt:crit] [pid 28100:tid 596] AH02538: Child: Parent process exited abruptly. Child process is ending
[Tue Dec 24 06:40:21.418670 2019] [mpm_winnt:notice] [pid 28100:tid 596] AH00364: Child: All worker threads have exited.
[Tue Dec 24 06:44:39.064221 2019] [ssl:warn] [pid 13976:tid 584] AH01906: localhost:443:0 server certificate is a CA certificate (BasicConstraints: CA == TRUE !?)
[Tue Dec 24 06:44:40.271290 2019] [ssl:warn] [pid 13976:tid 584] AH01906: localhost:443:0 server certificate is a CA certificate (BasicConstraints: CA == TRUE !?)
[Tue Dec 24 06:44:40.273286 2019] [mpm_winnt:notice] [pid 13976:tid 584] AH00455: Apache/2.4.25 (Win64) OpenSSL/1.0.2j mod_log_rotate/1.00 configured -- resuming normal operations
[Tue Dec 24 06:44:40.273286 2019] [mpm_winnt:notice] [pid 13976:tid 584] AH00456: Server built: Dec 16 2016 23:05:57
[Tue Dec 24 06:44:40.273286 2019] [core:notice] [pid 13976:tid 584] AH00094: Command line: '../../ap/Apache/bin/httpd.exe -d E:/Desktop/FCU/second year/software/BaseProject/src/ap/Apache -f ../../etc/httpd.conf -d ../../ap/Apache -C DocumentRoot '../../htdocs' -C Define PV 'php-7.1.0' -C Define HP 80 -C Define SP 443 -C Include '../../etc/php7.1/php.conf''
[Tue Dec 24 06:44:40.274283 2019] [mpm_winnt:notice] [pid 13976:tid 584] AH00418: Parent: Created child process 24236
[Tue Dec 24 06:44:40.789586 2019] [ssl:warn] [pid 24236:tid 604] AH01906: localhost:443:0 server certificate is a CA certificate (BasicConstraints: CA == TRUE !?)
[Tue Dec 24 06:44:41.289999 2019] [ssl:warn] [pid 24236:tid 604] AH01906: localhost:443:0 server certificate is a CA certificate (BasicConstraints: CA == TRUE !?)
[Tue Dec 24 06:44:41.294513 2019] [mpm_winnt:notice] [pid 24236:tid 604] AH00354: Child: Starting 64 worker threads.
[Tue Dec 24 06:44:44.417002 2019] [mpm_winnt:crit] [pid 24236:tid 604] AH02538: Child: Parent process exited abruptly. Child process is ending
[Tue Dec 24 06:44:46.419188 2019] [mpm_winnt:notice] [pid 24236:tid 604] AH00364: Child: All worker threads have exited.
[Tue Dec 24 11:00:11.990640 2019] [ssl:warn] [pid 27084:tid 584] AH01906: localhost:443:0 server certificate is a CA certificate (BasicConstraints: CA == TRUE !?)
[Tue Dec 24 11:00:12.594026 2019] [ssl:warn] [pid 27084:tid 584] AH01906: localhost:443:0 server certificate is a CA certificate (BasicConstraints: CA == TRUE !?)
[Tue Dec 24 11:00:12.596021 2019] [mpm_winnt:notice] [pid 27084:tid 584] AH00455: Apache/2.4.25 (Win64) OpenSSL/1.0.2j mod_log_rotate/1.00 configured -- resuming normal operations
[Tue Dec 24 11:00:12.596021 2019] [mpm_winnt:notice] [pid 27084:tid 584] AH00456: Server built: Dec 16 2016 23:05:57
[Tue Dec 24 11:00:12.596021 2019] [core:notice] [pid 27084:tid 584] AH00094: Command line: '../../ap/Apache/bin/httpd.exe -d E:/Desktop/FCU/second year/software/BaseProject/src/ap/Apache -f ../../etc/httpd.conf -d ../../ap/Apache -C DocumentRoot '../../htdocs' -C Define PV 'php-7.1.0' -C Define HP 80 -C Define SP 443 -C Include '../../etc/php7.1/php.conf''
[Tue Dec 24 11:00:12.597018 2019] [mpm_winnt:notice] [pid 27084:tid 584] AH00418: Parent: Created child process 15616
[Tue Dec 24 11:00:13.110644 2019] [ssl:warn] [pid 15616:tid 600] AH01906: localhost:443:0 server certificate is a CA certificate (BasicConstraints: CA == TRUE !?)
[Tue Dec 24 11:00:13.630294 2019] [ssl:warn] [pid 15616:tid 600] AH01906: localhost:443:0 server certificate is a CA certificate (BasicConstraints: CA == TRUE !?)
[Tue Dec 24 11:00:13.635241 2019] [mpm_winnt:notice] [pid 15616:tid 600] AH00354: Child: Starting 64 worker threads.
[Tue Dec 24 12:56:08.175206 2019] [mpm_winnt:crit] [pid 15616:tid 600] AH02538: Child: Parent process exited abruptly. Child process is ending
[Tue Dec 24 12:56:10.176888 2019] [mpm_winnt:notice] [pid 15616:tid 600] AH00364: Child: All worker threads have exited.
[Wed Dec 25 14:56:16.178192 2019] [ssl:warn] [pid 23068:tid 560] AH01906: localhost:443:0 server certificate is a CA certificate (BasicConstraints: CA == TRUE !?)
[Wed Dec 25 14:56:19.135283 2019] [ssl:warn] [pid 23068:tid 560] AH01906: localhost:443:0 server certificate is a CA certificate (BasicConstraints: CA == TRUE !?)
[Wed Dec 25 14:56:19.144258 2019] [mpm_winnt:notice] [pid 23068:tid 560] AH00455: Apache/2.4.25 (Win64) OpenSSL/1.0.2j mod_log_rotate/1.00 configured -- resuming normal operations
[Wed Dec 25 14:56:19.145284 2019] [mpm_winnt:notice] [pid 23068:tid 560] AH00456: Server built: Dec 16 2016 23:05:57
[Wed Dec 25 14:56:19.145284 2019] [core:notice] [pid 23068:tid 560] AH00094: Command line: '../../ap/Apache/bin/httpd.exe -d E:/Desktop/FCU/second year/software/BaseProject/src/ap/Apache -f ../../etc/httpd.conf -d ../../ap/Apache -C DocumentRoot '../../htdocs' -C Define PV 'php-7.1.0' -C Define HP 80 -C Define SP 443 -C Include '../../etc/php7.1/php.conf''
[Wed Dec 25 14:56:19.149275 2019] [mpm_winnt:notice] [pid 23068:tid 560] AH00418: Parent: Created child process 6312
[Wed Dec 25 14:56:20.286195 2019] [ssl:warn] [pid 6312:tid 596] AH01906: localhost:443:0 server certificate is a CA certificate (BasicConstraints: CA == TRUE !?)
[Wed Dec 25 14:56:20.771896 2019] [ssl:warn] [pid 6312:tid 596] AH01906: localhost:443:0 server certificate is a CA certificate (BasicConstraints: CA == TRUE !?)
[Wed Dec 25 14:56:20.780872 2019] [mpm_winnt:notice] [pid 6312:tid 596] AH00354: Child: Starting 64 worker threads.
[Wed Dec 25 15:05:50.986966 2019] [mpm_winnt:crit] [pid 6312:tid 596] AH02538: Child: Parent process exited abruptly. Child process is ending
[Wed Dec 25 15:05:52.989659 2019] [mpm_winnt:notice] [pid 6312:tid 596] AH00364: Child: All worker threads have exited.
[Thu Dec 26 09:18:34.460385 2019] [ssl:warn] [pid 16204:tid 624] AH01906: localhost:443:0 server certificate is a CA certificate (BasicConstraints: CA == TRUE !?)
[Thu Dec 26 09:18:36.793148 2019] [ssl:warn] [pid 16204:tid 624] AH01906: localhost:443:0 server certificate is a CA certificate (BasicConstraints: CA == TRUE !?)
[Thu Dec 26 09:18:36.803125 2019] [mpm_winnt:notice] [pid 16204:tid 624] AH00455: Apache/2.4.25 (Win64) OpenSSL/1.0.2j mod_log_rotate/1.00 configured -- resuming normal operations
[Thu Dec 26 09:18:36.804120 2019] [mpm_winnt:notice] [pid 16204:tid 624] AH00456: Server built: Dec 16 2016 23:05:57
[Thu Dec 26 09:18:36.804120 2019] [core:notice] [pid 16204:tid 624] AH00094: Command line: '../../ap/Apache/bin/httpd.exe -d E:/Desktop/FCU/second year/software/BaseProject/src/ap/Apache -f ../../etc/httpd.conf -d ../../ap/Apache -C DocumentRoot '../../htdocs' -C Define PV 'php-7.1.0' -C Define HP 80 -C Define SP 443 -C Include '../../etc/php7.1/php.conf''
[Thu Dec 26 09:18:36.808108 2019] [mpm_winnt:notice] [pid 16204:tid 624] AH00418: Parent: Created child process 9472
[Thu Dec 26 09:18:39.175776 2019] [ssl:warn] [pid 9472:tid 596] AH01906: localhost:443:0 server certificate is a CA certificate (BasicConstraints: CA == TRUE !?)
[Thu Dec 26 09:18:40.745634 2019] [ssl:warn] [pid 9472:tid 596] AH01906: localhost:443:0 server certificate is a CA certificate (BasicConstraints: CA == TRUE !?)
[Thu Dec 26 09:18:40.772565 2019] [mpm_winnt:notice] [pid 9472:tid 596] AH00354: Child: Starting 64 worker threads.
[Thu Dec 26 09:23:06.713373 2019] [mpm_winnt:crit] [pid 9472:tid 596] AH02538: Child: Parent process exited abruptly. Child process is ending
[Thu Dec 26 09:23:08.715027 2019] [mpm_winnt:notice] [pid 9472:tid 596] AH00364: Child: All worker threads have exited.
[Fri Dec 27 06:48:16.812891 2019] [ssl:warn] [pid 22764:tid 544] AH01906: localhost:443:0 server certificate is a CA certificate (BasicConstraints: CA == TRUE !?)
[Fri Dec 27 06:48:18.177671 2019] [ssl:warn] [pid 22764:tid 544] AH01906: localhost:443:0 server certificate is a CA certificate (BasicConstraints: CA == TRUE !?)
[Fri Dec 27 06:48:18.179704 2019] [mpm_winnt:notice] [pid 22764:tid 544] AH00455: Apache/2.4.25 (Win64) OpenSSL/1.0.2j mod_log_rotate/1.00 configured -- resuming normal operations
[Fri Dec 27 06:48:18.179704 2019] [mpm_winnt:notice] [pid 22764:tid 544] AH00456: Server built: Dec 16 2016 23:05:57
[Fri Dec 27 06:48:18.179704 2019] [core:notice] [pid 22764:tid 544] AH00094: Command line: '../../ap/Apache/bin/httpd.exe -d E:/Desktop/FCU/second year/software/BaseProject/src/ap/Apache -f ../../etc/httpd.conf -d ../../ap/Apache -C DocumentRoot '../../htdocs' -C Define PV 'php-7.1.0' -C Define HP 80 -C Define SP 443 -C Include '../../etc/php7.1/php.conf''
[Fri Dec 27 06:48:18.180662 2019] [mpm_winnt:notice] [pid 22764:tid 544] AH00418: Parent: Created child process 6704
[Fri Dec 27 06:48:18.709247 2019] [ssl:warn] [pid 6704:tid 596] AH01906: localhost:443:0 server certificate is a CA certificate (BasicConstraints: CA == TRUE !?)
[Fri Dec 27 06:48:19.228613 2019] [ssl:warn] [pid 6704:tid 596] AH01906: localhost:443:0 server certificate is a CA certificate (BasicConstraints: CA == TRUE !?)
[Fri Dec 27 06:48:19.233599 2019] [mpm_winnt:notice] [pid 6704:tid 596] AH00354: Child: Starting 64 worker threads.
[Fri Dec 27 07:10:18.817243 2019] [mpm_winnt:crit] [pid 6704:tid 596] AH02538: Child: Parent process exited abruptly. Child process is ending
[Fri Dec 27 07:10:20.819545 2019] [mpm_winnt:notice] [pid 6704:tid 596] AH00364: Child: All worker threads have exited.
[Fri Dec 27 07:10:46.778174 2019] [ssl:warn] [pid 37276:tid 592] AH01906: localhost:443:0 server certificate is a CA certificate (BasicConstraints: CA == TRUE !?)
[Fri Dec 27 07:10:47.304457 2019] [ssl:warn] [pid 37276:tid 592] AH01906: localhost:443:0 server certificate is a CA certificate (BasicConstraints: CA == TRUE !?)
[Fri Dec 27 07:10:47.306451 2019] [mpm_winnt:notice] [pid 37276:tid 592] AH00455: Apache/2.4.25 (Win64) OpenSSL/1.0.2j mod_log_rotate/1.00 configured -- resuming normal operations
[Fri Dec 27 07:10:47.306451 2019] [mpm_winnt:notice] [pid 37276:tid 592] AH00456: Server built: Dec 16 2016 23:05:57
[Fri Dec 27 07:10:47.306451 2019] [core:notice] [pid 37276:tid 592] AH00094: Command line: '../../ap/Apache/bin/httpd.exe -d E:/Desktop/FCU/second year/software/BaseProject/src/ap/Apache -f ../../etc/httpd.conf -d ../../ap/Apache -C DocumentRoot '../../htdocs' -C Define PV 'php-7.1.0' -C Define HP 80 -C Define SP 443 -C Include '../../etc/php7.1/php.conf''
[Fri Dec 27 07:10:47.307448 2019] [mpm_winnt:notice] [pid 37276:tid 592] AH00418: Parent: Created child process 36740
[Fri Dec 27 07:10:47.821123 2019] [ssl:warn] [pid 36740:tid 552] AH01906: localhost:443:0 server certificate is a CA certificate (BasicConstraints: CA == TRUE !?)
[Fri Dec 27 07:10:48.311702 2019] [ssl:warn] [pid 36740:tid 552] AH01906: localhost:443:0 server certificate is a CA certificate (BasicConstraints: CA == TRUE !?)
[Fri Dec 27 07:10:48.317685 2019] [mpm_winnt:notice] [pid 36740:tid 552] AH00354: Child: Starting 64 worker threads.
[Fri Dec 27 07:11:35.616210 2019] [mpm_winnt:crit] [pid 36740:tid 552] AH02538: Child: Parent process exited abruptly. Child process is ending
[Fri Dec 27 07:11:37.618089 2019] [mpm_winnt:notice] [pid 36740:tid 552] AH00364: Child: All worker threads have exited.
[Fri Dec 27 12:58:56.714450 2019] [ssl:warn] [pid 22892:tid 584] AH01906: localhost:443:0 server certificate is a CA certificate (BasicConstraints: CA == TRUE !?)
[Fri Dec 27 12:58:57.233666 2019] [ssl:warn] [pid 22892:tid 584] AH01906: localhost:443:0 server certificate is a CA certificate (BasicConstraints: CA == TRUE !?)
[Fri Dec 27 12:58:57.235660 2019] [mpm_winnt:notice] [pid 22892:tid 584] AH00455: Apache/2.4.25 (Win64) OpenSSL/1.0.2j mod_log_rotate/1.00 configured -- resuming normal operations
[Fri Dec 27 12:58:57.235660 2019] [mpm_winnt:notice] [pid 22892:tid 584] AH00456: Server built: Dec 16 2016 23:05:57
[Fri Dec 27 12:58:57.235660 2019] [core:notice] [pid 22892:tid 584] AH00094: Command line: '../../ap/Apache/bin/httpd.exe -d E:/Desktop/FCU/second year/software/BaseProject/src/ap/Apache -f ../../etc/httpd.conf -d ../../ap/Apache -C DocumentRoot '../../htdocs' -C Define PV 'php-7.1.0' -C Define HP 80 -C Define SP 443 -C Include '../../etc/php7.1/php.conf''
[Fri Dec 27 12:58:57.236658 2019] [mpm_winnt:notice] [pid 22892:tid 584] AH00418: Parent: Created child process 34732
[Fri Dec 27 12:58:57.754347 2019] [ssl:warn] [pid 34732:tid 596] AH01906: localhost:443:0 server certificate is a CA certificate (BasicConstraints: CA == TRUE !?)
[Fri Dec 27 12:58:58.236385 2019] [ssl:warn] [pid 34732:tid 596] AH01906: localhost:443:0 server certificate is a CA certificate (BasicConstraints: CA == TRUE !?)
[Fri Dec 27 12:58:58.241457 2019] [mpm_winnt:notice] [pid 34732:tid 596] AH00354: Child: Starting 64 worker threads.
[Fri Dec 27 13:08:27.974963 2019] [mpm_winnt:crit] [pid 34732:tid 596] AH02538: Child: Parent process exited abruptly. Child process is ending
[Fri Dec 27 13:08:35.009060 2019] [mpm_winnt:notice] [pid 34732:tid 596] AH00364: Child: All worker threads have exited.
